<?xml version="1.0" encoding="UTF-8"?>
<coverage generated="1767744018986" clover="3.2.0">
  <project timestamp="1767744018986" name="All files">
    <metrics statements="32" coveredstatements="31" conditionals="21" coveredconditionals="16" methods="10" coveredmethods="10" elements="63" coveredelements="57" complexity="0" loc="32" ncloc="32" packages="3" files="5" classes="5"/>
    <package name="client">
      <metrics statements="9" coveredstatements="9" conditionals="12" coveredconditionals="10" methods="6" coveredmethods="6"/>
      <file name="api.js" path="C:\Users\Weback\carrefour-api-tests\carrefour-api-tests\src\client\api.js">
        <metrics statements="9" coveredstatements="9" conditionals="12" coveredconditionals="10" methods="6" coveredmethods="6"/>
        <line num="2" count="5" type="stmt"/>
        <line num="3" count="5" type="cond" truecount="1" falsecount="1"/>
        <line num="6" count="9" type="stmt"/>
        <line num="8" count="52" type="cond" truecount="2" falsecount="0"/>
        <line num="11" count="2" type="cond" truecount="1" falsecount="1"/>
        <line num="14" count="10" type="stmt"/>
        <line num="20" count="3" type="stmt"/>
        <line num="26" count="3" type="cond" truecount="2" falsecount="0"/>
        <line num="30" count="5" type="stmt"/>
      </file>
    </package>
    <package name="config">
      <metrics statements="12" coveredstatements="11" conditionals="6" coveredconditionals="4" methods="1" coveredmethods="1"/>
      <file name="auth.js" path="C:\Users\Weback\carrefour-api-tests\carrefour-api-tests\src\config\auth.js">
        <metrics statements="10" coveredstatements="9" conditionals="2" coveredconditionals="1" methods="1" coveredmethods="1"/>
        <line num="1" count="6" type="stmt"/>
        <line num="2" count="6" type="stmt"/>
        <line num="4" count="6" type="stmt"/>
        <line num="5" count="6" type="stmt"/>
        <line num="6" count="6" type="stmt"/>
        <line num="9" count="6" type="stmt"/>
        <line num="13" count="6" type="cond" truecount="1" falsecount="1"/>
        <line num="14" count="0" type="stmt"/>
        <line num="17" count="6" type="stmt"/>
        <line num="20" count="6" type="stmt"/>
      </file>
      <file name="env.js" path="C:\Users\Weback\carrefour-api-tests\carrefour-api-tests\src\config\env.js">
        <metrics statements="2" coveredstatements="2" conditionals="4" coveredconditionals="3" methods="0" coveredmethods="0"/>
        <line num="1" count="1" type="stmt"/>
        <line num="3" count="1" type="stmt"/>
      </file>
    </package>
    <package name="helpers">
      <metrics statements="11" coveredstatements="11" conditionals="3" coveredconditionals="2" methods="3" coveredmethods="3"/>
      <file name="dataFactory.js" path="C:\Users\Weback\carrefour-api-tests\carrefour-api-tests\src\helpers\dataFactory.js">
        <metrics statements="4" coveredstatements="4" conditionals="2" coveredconditionals="2" methods="2" coveredmethods="2"/>
        <line num="1" count="4" type="stmt"/>
        <line num="4" count="6" type="stmt"/>
        <line num="13" count="1" type="stmt"/>
        <line num="20" count="4" type="stmt"/>
      </file>
      <file name="rateLimit.js" path="C:\Users\Weback\carrefour-api-tests\carrefour-api-tests\src\helpers\rateLimit.js">
        <metrics statements="7" coveredstatements="7" conditionals="1" coveredconditionals="0" methods="1" coveredmethods="1"/>
        <line num="1" count="1" type="stmt"/>
        <line num="5" count="1" type="stmt"/>
        <line num="6" count="1" type="stmt"/>
        <line num="10" count="50" type="stmt"/>
        <line num="11" count="50" type="stmt"/>
        <line num="13" count="1" type="stmt"/>
        <line num="16" count="1" type="stmt"/>
      </file>
    </package>
  </project>
</coverage>
