{"C:\\Users\\Weback\\carrefour-api-tests\\carrefour-api-tests\\src\\client\\api.js": {"path":"C:\\Users\\Weback\\carrefour-api-tests\\carrefour-api-tests\\src\\client\\api.js","statementMap":{"0":{"start":{"line":2,"column":16},"end":{"line":2,"column":36}},"1":{"start":{"line":3,"column":16},"end":{"line":3,"column":63}},"2":{"start":{"line":6,"column":2},"end":{"line":27,"column":4}},"3":{"start":{"line":8,"column":6},"end":{"line":8,"column":73}},"4":{"start":{"line":11,"column":6},"end":{"line":11,"column":79}},"5":{"start":{"line":14,"column":6},"end":{"line":17,"column":22}},"6":{"start":{"line":20,"column":6},"end":{"line":23,"column":22}},"7":{"start":{"line":26,"column":6},"end":{"line":26,"column":82}},"8":{"start":{"line":30,"column":0},"end":{"line":30,"column":25}}},"fnMap":{"0":{"name":"api","decl":{"start":{"line":5,"column":9},"end":{"line":5,"column":12}},"loc":{"start":{"line":5,"column":20},"end":{"line":28,"column":1}},"line":5},"1":{"name":"(anonymous_1)","decl":{"start":{"line":7,"column":14},"end":{"line":7,"column":15}},"loc":{"start":{"line":8,"column":6},"end":{"line":8,"column":73}},"line":8},"2":{"name":"(anonymous_2)","decl":{"start":{"line":10,"column":17},"end":{"line":10,"column":18}},"loc":{"start":{"line":11,"column":6},"end":{"line":11,"column":79}},"line":11},"3":{"name":"(anonymous_3)","decl":{"start":{"line":13,"column":16},"end":{"line":13,"column":17}},"loc":{"start":{"line":14,"column":6},"end":{"line":17,"column":22}},"line":14},"4":{"name":"(anonymous_4)","decl":{"start":{"line":19,"column":16},"end":{"line":19,"column":17}},"loc":{"start":{"line":20,"column":6},"end":{"line":23,"column":22}},"line":20},"5":{"name":"(anonymous_5)","decl":{"start":{"line":25,"column":16},"end":{"line":25,"column":17}},"loc":{"start":{"line":26,"column":6},"end":{"line":26,"column":82}},"line":26}},"branchMap":{"0":{"loc":{"start":{"line":3,"column":16},"end":{"line":3,"column":63}},"type":"binary-expr","locations":[{"start":{"line":3,"column":16},"end":{"line":3,"column":36}},{"start":{"line":3,"column":40},"end":{"line":3,"column":63}}],"line":3},"1":{"loc":{"start":{"line":8,"column":61},"end":{"line":8,"column":72}},"type":"binary-expr","locations":[{"start":{"line":8,"column":61},"end":{"line":8,"column":66}},{"start":{"line":8,"column":70},"end":{"line":8,"column":72}}],"line":8},"2":{"loc":{"start":{"line":11,"column":67},"end":{"line":11,"column":78}},"type":"binary-expr","locations":[{"start":{"line":11,"column":67},"end":{"line":11,"column":72}},{"start":{"line":11,"column":76},"end":{"line":11,"column":78}}],"line":11},"3":{"loc":{"start":{"line":16,"column":30},"end":{"line":16,"column":41}},"type":"binary-expr","locations":[{"start":{"line":16,"column":30},"end":{"line":16,"column":35}},{"start":{"line":16,"column":39},"end":{"line":16,"column":41}}],"line":16},"4":{"loc":{"start":{"line":22,"column":30},"end":{"line":22,"column":41}},"type":"binary-expr","locations":[{"start":{"line":22,"column":30},"end":{"line":22,"column":35}},{"start":{"line":22,"column":39},"end":{"line":22,"column":41}}],"line":22},"5":{"loc":{"start":{"line":26,"column":70},"end":{"line":26,"column":81}},"type":"binary-expr","locations":[{"start":{"line":26,"column":70},"end":{"line":26,"column":75}},{"start":{"line":26,"column":79},"end":{"line":26,"column":81}}],"line":26}},"s":{"0":5,"1":5,"2":9,"3":52,"4":2,"5":10,"6":3,"7":3,"8":5},"f":{"0":9,"1":52,"2":2,"3":10,"4":3,"5":3},"b":{"0":[5,0],"1":[52,1],"2":[2,0],"3":[10,1],"4":[3,1],"5":[3,1]},"_coverageSchema":"1a1c01bbd47fc00a2c39e90264f33305004495a9","hash":"ccb5f7f9d354a82cfa193dc83e095c997428d465"}
,"C:\\Users\\Weback\\carrefour-api-tests\\carrefour-api-tests\\src\\config\\auth.js": {"path":"C:\\Users\\Weback\\carrefour-api-tests\\carrefour-api-tests\\src\\config\\auth.js","statementMap":{"0":{"start":{"line":1,"column":0},"end":{"line":1,"column":27}},"1":{"start":{"line":2,"column":16},"end":{"line":2,"column":36}},"2":{"start":{"line":4,"column":16},"end":{"line":4,"column":36}},"3":{"start":{"line":5,"column":19},"end":{"line":5,"column":42}},"4":{"start":{"line":6,"column":22},"end":{"line":6,"column":48}},"5":{"start":{"line":9,"column":14},"end":{"line":11,"column":57}},"6":{"start":{"line":13,"column":2},"end":{"line":15,"column":3}},"7":{"start":{"line":14,"column":4},"end":{"line":14,"column":88}},"8":{"start":{"line":17,"column":2},"end":{"line":17,"column":32}},"9":{"start":{"line":20,"column":0},"end":{"line":20,"column":33}}},"fnMap":{"0":{"name":"getJwtToken","decl":{"start":{"line":8,"column":15},"end":{"line":8,"column":26}},"loc":{"start":{"line":8,"column":29},"end":{"line":18,"column":1}},"line":8}},"branchMap":{"0":{"loc":{"start":{"line":13,"column":2},"end":{"line":15,"column":3}},"type":"if","locations":[{"start":{"line":13,"column":2},"end":{"line":15,"column":3}},{"start":{},"end":{}}],"line":13}},"s":{"0":6,"1":6,"2":6,"3":6,"4":6,"5":6,"6":6,"7":0,"8":6,"9":6},"f":{"0":6},"b":{"0":[0,6]},"_coverageSchema":"1a1c01bbd47fc00a2c39e90264f33305004495a9","hash":"8da1ca063126b9b45a049518a4562bce25d00a3a"}
,"C:\\Users\\Weback\\carrefour-api-tests\\carrefour-api-tests\\src\\config\\env.js": {"path":"C:\\Users\\Weback\\carrefour-api-tests\\carrefour-api-tests\\src\\config\\env.js","statementMap":{"0":{"start":{"line":1,"column":0},"end":{"line":1,"column":27}},"1":{"start":{"line":3,"column":0},"end":{"line":8,"column":2}}},"fnMap":{},"branchMap":{"0":{"loc":{"start":{"line":4,"column":11},"end":{"line":4,"column":58}},"type":"binary-expr","locations":[{"start":{"line":4,"column":11},"end":{"line":4,"column":31}},{"start":{"line":4,"column":35},"end":{"line":4,"column":58}}],"line":4},"1":{"loc":{"start":{"line":5,"column":20},"end":{"line":5,"column":60}},"type":"binary-expr","locations":[{"start":{"line":5,"column":20},"end":{"line":5,"column":53}},{"start":{"line":5,"column":57},"end":{"line":5,"column":60}}],"line":5}},"s":{"0":1,"1":1},"f":{},"b":{"0":[1,0],"1":[1,1]},"_coverageSchema":"1a1c01bbd47fc00a2c39e90264f33305004495a9","hash":"56e9c7a18320abf41754b6766d8a52d7f63b7107"}
,"C:\\Users\\Weback\\carrefour-api-tests\\carrefour-api-tests\\src\\helpers\\dataFactory.js": {"path":"C:\\Users\\Weback\\carrefour-api-tests\\carrefour-api-tests\\src\\helpers\\dataFactory.js","statementMap":{"0":{"start":{"line":1,"column":18},"end":{"line":1,"column":44}},"1":{"start":{"line":4,"column":2},"end":{"line":9,"column":4}},"2":{"start":{"line":13,"column":2},"end":{"line":17,"column":4}},"3":{"start":{"line":20,"column":0},"end":{"line":20,"column":45}}},"fnMap":{"0":{"name":"validUser","decl":{"start":{"line":3,"column":9},"end":{"line":3,"column":18}},"loc":{"start":{"line":3,"column":44},"end":{"line":10,"column":1}},"line":3},"1":{"name":"invalidUsers","decl":{"start":{"line":12,"column":9},"end":{"line":12,"column":21}},"loc":{"start":{"line":12,"column":24},"end":{"line":18,"column":1}},"line":12}},"branchMap":{"0":{"loc":{"start":{"line":3,"column":19},"end":{"line":3,"column":42}},"type":"default-arg","locations":[{"start":{"line":3,"column":40},"end":{"line":3,"column":42}}],"line":3},"1":{"loc":{"start":{"line":3,"column":21},"end":{"line":3,"column":35}},"type":"default-arg","locations":[{"start":{"line":3,"column":29},"end":{"line":3,"column":35}}],"line":3}},"s":{"0":4,"1":6,"2":1,"3":4},"f":{"0":6,"1":1},"b":{"0":[6],"1":[6]},"_coverageSchema":"1a1c01bbd47fc00a2c39e90264f33305004495a9","hash":"080316e820947b78336ebdee764414e685547b1f"}
,"C:\\Users\\Weback\\carrefour-api-tests\\carrefour-api-tests\\src\\helpers\\rateLimit.js": {"path":"C:\\Users\\Weback\\carrefour-api-tests\\carrefour-api-tests\\src\\helpers\\rateLimit.js","statementMap":{"0":{"start":{"line":1,"column":22},"end":{"line":1,"column":46}},"1":{"start":{"line":5,"column":18},"end":{"line":5,"column":20}},"2":{"start":{"line":6,"column":2},"end":{"line":12,"column":3}},"3":{"start":{"line":6,"column":15},"end":{"line":6,"column":16}},"4":{"start":{"line":10,"column":16},"end":{"line":10,"column":26}},"5":{"start":{"line":11,"column":4},"end":{"line":11,"column":29}},"6":{"start":{"line":13,"column":2},"end":{"line":13,"column":17}},"7":{"start":{"line":16,"column":0},"end":{"line":16,"column":35}}},"fnMap":{"0":{"name":"burstRequests","decl":{"start":{"line":4,"column":15},"end":{"line":4,"column":28}},"loc":{"start":{"line":4,"column":53},"end":{"line":14,"column":1}},"line":4}},"branchMap":{"0":{"loc":{"start":{"line":4,"column":33},"end":{"line":4,"column":51}},"type":"default-arg","locations":[{"start":{"line":4,"column":37},"end":{"line":4,"column":51}}],"line":4}},"s":{"0":1,"1":1,"2":1,"3":1,"4":50,"5":50,"6":1,"7":1},"f":{"0":1},"b":{"0":[0]},"_coverageSchema":"1a1c01bbd47fc00a2c39e90264f33305004495a9","hash":"53ac4eb24f3a7c8fb2f06c6921e9e9c223f47b25"}
}
